{"/home/jpratt9/dev/john-pratt.com/src/frontend/hooks/useDelayedMount.tsx": {"path":"/home/jpratt9/dev/john-pratt.com/src/frontend/hooks/useDelayedMount.tsx","statementMap":{"0":{"start":{"line":4,"column":31},"end":{"line":18,"column":null}},"1":{"start":{"line":5,"column":32},"end":{"line":5,"column":null}},"2":{"start":{"line":6,"column":8},"end":{"line":6,"column":null}},"3":{"start":{"line":8,"column":2},"end":{"line":15,"column":null}},"4":{"start":{"line":9,"column":4},"end":{"line":11,"column":null}},"5":{"start":{"line":10,"column":6},"end":{"line":10,"column":null}},"6":{"start":{"line":13,"column":20},"end":{"line":13,"column":null}},"7":{"start":{"line":13,"column":37},"end":{"line":13,"column":57}},"8":{"start":{"line":14,"column":4},"end":{"line":14,"column":null}},"9":{"start":{"line":14,"column":17},"end":{"line":14,"column":null}},"10":{"start":{"line":17,"column":2},"end":{"line":17,"column":null}}},"fnMap":{"0":{"name":"(anonymous_0)","decl":{"start":{"line":4,"column":31},"end":{"line":4,"column":32}},"loc":{"start":{"line":4,"column":86},"end":{"line":18,"column":null}},"line":4},"1":{"name":"(anonymous_1)","decl":{"start":{"line":8,"column":12},"end":{"line":8,"column":18}},"loc":{"start":{"line":8,"column":18},"end":{"line":15,"column":5}},"line":8},"2":{"name":"(anonymous_2)","decl":{"start":{"line":13,"column":31},"end":{"line":13,"column":37}},"loc":{"start":{"line":13,"column":37},"end":{"line":13,"column":57}},"line":13},"3":{"name":"(anonymous_3)","decl":{"start":{"line":14,"column":11},"end":{"line":14,"column":17}},"loc":{"start":{"line":14,"column":17},"end":{"line":14,"column":null}},"line":14}},"branchMap":{"0":{"loc":{"start":{"line":4,"column":47},"end":{"line":4,"column":86}},"type":"default-arg","locations":[{"start":{"line":4,"column":68},"end":{"line":4,"column":86}}],"line":4},"1":{"loc":{"start":{"line":9,"column":4},"end":{"line":11,"column":null}},"type":"if","locations":[{"start":{"line":9,"column":4},"end":{"line":11,"column":null}},{"start":{},"end":{}}],"line":9},"2":{"loc":{"start":{"line":9,"column":8},"end":{"line":9,"column":44}},"type":"binary-expr","locations":[{"start":{"line":9,"column":8},"end":{"line":9,"column":22}},{"start":{"line":9,"column":22},"end":{"line":9,"column":44}}],"line":9},"3":{"loc":{"start":{"line":17,"column":9},"end":{"line":17,"column":null}},"type":"cond-expr","locations":[{"start":{"line":17,"column":46},"end":{"line":17,"column":53}},{"start":{"line":17,"column":53},"end":{"line":17,"column":null}}],"line":17},"4":{"loc":{"start":{"line":17,"column":9},"end":{"line":17,"column":46}},"type":"binary-expr","locations":[{"start":{"line":17,"column":9},"end":{"line":17,"column":33}},{"start":{"line":17,"column":33},"end":{"line":17,"column":46}}],"line":17}},"s":{"0":1,"1":12,"2":12,"3":12,"4":9,"5":4,"6":5,"7":3,"8":5,"9":5,"10":12},"f":{"0":12,"1":9,"2":3,"3":5},"b":{"0":[12],"1":[4,5],"2":[9,7],"3":[4,8],"4":[12,10]},"meta":{"lastBranch":5,"lastFunction":4,"lastStatement":11,"seen":{"s:4:31:18:Infinity":0,"f:4:31:4:32":0,"b:4:68:4:86":0,"s:5:32:5:Infinity":1,"s:6:8:6:Infinity":2,"s:8:2:15:Infinity":3,"f:8:12:8:18":1,"b:9:4:11:Infinity:undefined:undefined:undefined:undefined":1,"s:9:4:11:Infinity":4,"b:9:8:9:22:9:22:9:44":2,"s:10:6:10:Infinity":5,"s:13:20:13:Infinity":6,"f:13:31:13:37":2,"s:13:37:13:57":7,"s:14:4:14:Infinity":8,"f:14:11:14:17":3,"s:14:17:14:Infinity":9,"s:17:2:17:Infinity":10,"b:17:46:17:53:17:53:17:Infinity":3,"b:17:9:17:33:17:33:17:46":4}}}
,"/home/jpratt9/dev/john-pratt.com/src/frontend/hooks/useOnClickOutside.tsx": {"path":"/home/jpratt9/dev/john-pratt.com/src/frontend/hooks/useOnClickOutside.tsx","statementMap":{"0":{"start":{"line":3,"column":26},"end":{"line":23,"column":null}},"1":{"start":{"line":7,"column":2},"end":{"line":22,"column":null}},"2":{"start":{"line":8,"column":21},"end":{"line":13,"column":null}},"3":{"start":{"line":9,"column":6},"end":{"line":11,"column":null}},"4":{"start":{"line":10,"column":8},"end":{"line":10,"column":null}},"5":{"start":{"line":12,"column":6},"end":{"line":12,"column":null}},"6":{"start":{"line":15,"column":4},"end":{"line":15,"column":null}},"7":{"start":{"line":16,"column":4},"end":{"line":16,"column":null}},"8":{"start":{"line":18,"column":4},"end":{"line":21,"column":null}},"9":{"start":{"line":19,"column":6},"end":{"line":19,"column":null}},"10":{"start":{"line":20,"column":6},"end":{"line":20,"column":null}}},"fnMap":{"0":{"name":"(anonymous_0)","decl":{"start":{"line":3,"column":26},"end":{"line":3,"column":null}},"loc":{"start":{"line":6,"column":11},"end":{"line":23,"column":null}},"line":6},"1":{"name":"(anonymous_1)","decl":{"start":{"line":7,"column":12},"end":{"line":7,"column":18}},"loc":{"start":{"line":7,"column":18},"end":{"line":22,"column":5}},"line":7},"2":{"name":"(anonymous_2)","decl":{"start":{"line":8,"column":21},"end":{"line":8,"column":22}},"loc":{"start":{"line":8,"column":57},"end":{"line":13,"column":null}},"line":8},"3":{"name":"(anonymous_3)","decl":{"start":{"line":18,"column":11},"end":{"line":18,"column":17}},"loc":{"start":{"line":18,"column":17},"end":{"line":21,"column":null}},"line":18}},"branchMap":{"0":{"loc":{"start":{"line":9,"column":6},"end":{"line":11,"column":null}},"type":"if","locations":[{"start":{"line":9,"column":6},"end":{"line":11,"column":null}},{"start":{},"end":{}}],"line":9},"1":{"loc":{"start":{"line":9,"column":10},"end":{"line":9,"column":70}},"type":"binary-expr","locations":[{"start":{"line":9,"column":10},"end":{"line":9,"column":26}},{"start":{"line":9,"column":26},"end":{"line":9,"column":70}}],"line":9}},"s":{"0":1,"1":7,"2":7,"3":3,"4":1,"5":2,"6":7,"7":7,"8":7,"9":7,"10":7},"f":{"0":7,"1":7,"2":3,"3":7},"b":{"0":[1,2],"1":[3,2]},"meta":{"lastBranch":2,"lastFunction":4,"lastStatement":11,"seen":{"s:3:26:23:Infinity":0,"f:3:26:3:Infinity":0,"s:7:2:22:Infinity":1,"f:7:12:7:18":1,"s:8:21:13:Infinity":2,"f:8:21:8:22":2,"b:9:6:11:Infinity:undefined:undefined:undefined:undefined":0,"s:9:6:11:Infinity":3,"b:9:10:9:26:9:26:9:70":1,"s:10:8:10:Infinity":4,"s:12:6:12:Infinity":5,"s:15:4:15:Infinity":6,"s:16:4:16:Infinity":7,"s:18:4:21:Infinity":8,"f:18:11:18:17":3,"s:19:6:19:Infinity":9,"s:20:6:20:Infinity":10}}}
,"/home/jpratt9/dev/john-pratt.com/src/frontend/hooks/usePrefersReducedMotion.tsx": {"path":"/home/jpratt9/dev/john-pratt.com/src/frontend/hooks/usePrefersReducedMotion.tsx","statementMap":{"0":{"start":{"line":7,"column":14},"end":{"line":7,"column":null}},"1":{"start":{"line":8,"column":28},"end":{"line":8,"column":null}},"2":{"start":{"line":10,"column":24},"end":{"line":15,"column":null}},"3":{"start":{"line":15,"column":2},"end":{"line":15,"column":null}},"4":{"start":{"line":18,"column":54},"end":{"line":18,"column":null}},"5":{"start":{"line":20,"column":2},"end":{"line":40,"column":null}},"6":{"start":{"line":21,"column":27},"end":{"line":21,"column":null}},"7":{"start":{"line":22,"column":21},"end":{"line":24,"column":null}},"8":{"start":{"line":23,"column":6},"end":{"line":23,"column":null}},"9":{"start":{"line":27,"column":4},"end":{"line":31,"column":null}},"10":{"start":{"line":28,"column":6},"end":{"line":28,"column":null}},"11":{"start":{"line":30,"column":6},"end":{"line":30,"column":null}},"12":{"start":{"line":33,"column":4},"end":{"line":39,"column":null}},"13":{"start":{"line":34,"column":6},"end":{"line":38,"column":null}},"14":{"start":{"line":35,"column":8},"end":{"line":35,"column":null}},"15":{"start":{"line":37,"column":8},"end":{"line":37,"column":null}},"16":{"start":{"line":42,"column":2},"end":{"line":42,"column":null}}},"fnMap":{"0":{"name":"(anonymous_0)","decl":{"start":{"line":10,"column":24},"end":{"line":10,"column":null}},"loc":{"start":{"line":15,"column":2},"end":{"line":15,"column":null}},"line":15},"1":{"name":"usePrefersReducedMotion","decl":{"start":{"line":17,"column":9},"end":{"line":17,"column":44}},"loc":{"start":{"line":17,"column":44},"end":{"line":43,"column":null}},"line":17},"2":{"name":"(anonymous_2)","decl":{"start":{"line":20,"column":12},"end":{"line":20,"column":18}},"loc":{"start":{"line":20,"column":18},"end":{"line":40,"column":5}},"line":20},"3":{"name":"(anonymous_3)","decl":{"start":{"line":22,"column":21},"end":{"line":22,"column":22}},"loc":{"start":{"line":22,"column":53},"end":{"line":24,"column":null}},"line":22},"4":{"name":"(anonymous_4)","decl":{"start":{"line":33,"column":11},"end":{"line":33,"column":17}},"loc":{"start":{"line":33,"column":17},"end":{"line":39,"column":null}},"line":33}},"branchMap":{"0":{"loc":{"start":{"line":15,"column":2},"end":{"line":15,"column":null}},"type":"cond-expr","locations":[{"start":{"line":15,"column":24},"end":{"line":15,"column":31}},{"start":{"line":15,"column":31},"end":{"line":15,"column":null}}],"line":15},"1":{"loc":{"start":{"line":27,"column":4},"end":{"line":31,"column":null}},"type":"if","locations":[{"start":{"line":27,"column":4},"end":{"line":31,"column":null}},{"start":{"line":29,"column":11},"end":{"line":31,"column":null}}],"line":27},"2":{"loc":{"start":{"line":34,"column":6},"end":{"line":38,"column":null}},"type":"if","locations":[{"start":{"line":34,"column":6},"end":{"line":38,"column":null}},{"start":{"line":36,"column":13},"end":{"line":38,"column":null}}],"line":34}},"s":{"0":1,"1":1,"2":1,"3":5,"4":6,"5":6,"6":5,"7":5,"8":1,"9":5,"10":4,"11":1,"12":5,"13":5,"14":4,"15":1,"16":6},"f":{"0":5,"1":6,"2":5,"3":1,"4":5},"b":{"0":[0,5],"1":[4,1],"2":[4,1]},"meta":{"lastBranch":3,"lastFunction":5,"lastStatement":17,"seen":{"s:7:14:7:Infinity":0,"s:8:28:8:Infinity":1,"s:10:24:15:Infinity":2,"f:10:24:10:Infinity":0,"s:15:2:15:Infinity":3,"b:15:24:15:31:15:31:15:Infinity":0,"f:17:9:17:44":1,"s:18:54:18:Infinity":4,"s:20:2:40:Infinity":5,"f:20:12:20:18":2,"s:21:27:21:Infinity":6,"s:22:21:24:Infinity":7,"f:22:21:22:22":3,"s:23:6:23:Infinity":8,"b:27:4:31:Infinity:29:11:31:Infinity":1,"s:27:4:31:Infinity":9,"s:28:6:28:Infinity":10,"s:30:6:30:Infinity":11,"s:33:4:39:Infinity":12,"f:33:11:33:17":4,"b:34:6:38:Infinity:36:13:38:Infinity":2,"s:34:6:38:Infinity":13,"s:35:8:35:Infinity":14,"s:37:8:37:Infinity":15,"s:42:2:42:Infinity":16}}}
,"/home/jpratt9/dev/john-pratt.com/src/frontend/hooks/useScrollDirection.tsx": {"path":"/home/jpratt9/dev/john-pratt.com/src/frontend/hooks/useScrollDirection.tsx","statementMap":{"0":{"start":{"line":4,"column":35},"end":{"line":4,"column":null}},"1":{"start":{"line":5,"column":37},"end":{"line":5,"column":null}},"2":{"start":{"line":7,"column":27},"end":{"line":48,"column":null}},"3":{"start":{"line":10,"column":79},"end":{"line":10,"column":null}},"4":{"start":{"line":11,"column":32},"end":{"line":11,"column":null}},"5":{"start":{"line":13,"column":2},"end":{"line":45,"column":null}},"6":{"start":{"line":14,"column":22},"end":{"line":14,"column":null}},"7":{"start":{"line":15,"column":22},"end":{"line":15,"column":null}},"8":{"start":{"line":16,"column":18},"end":{"line":16,"column":null}},"9":{"start":{"line":18,"column":28},"end":{"line":29,"column":null}},"10":{"start":{"line":19,"column":22},"end":{"line":19,"column":null}},"11":{"start":{"line":21,"column":6},"end":{"line":24,"column":null}},"12":{"start":{"line":22,"column":8},"end":{"line":22,"column":null}},"13":{"start":{"line":23,"column":8},"end":{"line":23,"column":null}},"14":{"start":{"line":26,"column":6},"end":{"line":26,"column":null}},"15":{"start":{"line":27,"column":6},"end":{"line":27,"column":null}},"16":{"start":{"line":28,"column":6},"end":{"line":28,"column":null}},"17":{"start":{"line":31,"column":21},"end":{"line":36,"column":null}},"18":{"start":{"line":32,"column":6},"end":{"line":35,"column":null}},"19":{"start":{"line":33,"column":8},"end":{"line":33,"column":null}},"20":{"start":{"line":34,"column":8},"end":{"line":34,"column":null}},"21":{"start":{"line":38,"column":4},"end":{"line":42,"column":null}},"22":{"start":{"line":39,"column":6},"end":{"line":39,"column":null}},"23":{"start":{"line":41,"column":6},"end":{"line":41,"column":null}},"24":{"start":{"line":44,"column":4},"end":{"line":44,"column":null}},"25":{"start":{"line":44,"column":17},"end":{"line":44,"column":null}},"26":{"start":{"line":47,"column":2},"end":{"line":47,"column":null}}},"fnMap":{"0":{"name":"(anonymous_0)","decl":{"start":{"line":7,"column":27},"end":{"line":7,"column":null}},"loc":{"start":{"line":9,"column":22},"end":{"line":48,"column":null}},"line":9},"1":{"name":"(anonymous_1)","decl":{"start":{"line":13,"column":12},"end":{"line":13,"column":18}},"loc":{"start":{"line":13,"column":18},"end":{"line":45,"column":5}},"line":13},"2":{"name":"(anonymous_2)","decl":{"start":{"line":18,"column":28},"end":{"line":18,"column":34}},"loc":{"start":{"line":18,"column":34},"end":{"line":29,"column":null}},"line":18},"3":{"name":"(anonymous_3)","decl":{"start":{"line":31,"column":21},"end":{"line":31,"column":27}},"loc":{"start":{"line":31,"column":27},"end":{"line":36,"column":null}},"line":31},"4":{"name":"(anonymous_4)","decl":{"start":{"line":44,"column":11},"end":{"line":44,"column":17}},"loc":{"start":{"line":44,"column":17},"end":{"line":44,"column":null}},"line":44}},"branchMap":{"0":{"loc":{"start":{"line":8,"column":2},"end":{"line":8,"column":null}},"type":"default-arg","locations":[{"start":{"line":8,"column":39},"end":{"line":8,"column":null}}],"line":8},"1":{"loc":{"start":{"line":10,"column":10},"end":{"line":10,"column":42}},"type":"default-arg","locations":[{"start":{"line":10,"column":29},"end":{"line":10,"column":42}}],"line":10},"2":{"loc":{"start":{"line":10,"column":42},"end":{"line":10,"column":63}},"type":"default-arg","locations":[{"start":{"line":10,"column":60},"end":{"line":10,"column":63}}],"line":10},"3":{"loc":{"start":{"line":10,"column":63},"end":{"line":10,"column":75}},"type":"default-arg","locations":[{"start":{"line":10,"column":69},"end":{"line":10,"column":75}}],"line":10},"4":{"loc":{"start":{"line":21,"column":6},"end":{"line":24,"column":null}},"type":"if","locations":[{"start":{"line":21,"column":6},"end":{"line":24,"column":null}},{"start":{},"end":{}}],"line":21},"5":{"loc":{"start":{"line":26,"column":19},"end":{"line":26,"column":66}},"type":"cond-expr","locations":[{"start":{"line":26,"column":43},"end":{"line":26,"column":57}},{"start":{"line":26,"column":57},"end":{"line":26,"column":66}}],"line":26},"6":{"loc":{"start":{"line":27,"column":20},"end":{"line":27,"column":null}},"type":"cond-expr","locations":[{"start":{"line":27,"column":34},"end":{"line":27,"column":44}},{"start":{"line":27,"column":44},"end":{"line":27,"column":null}}],"line":27},"7":{"loc":{"start":{"line":32,"column":6},"end":{"line":35,"column":null}},"type":"if","locations":[{"start":{"line":32,"column":6},"end":{"line":35,"column":null}},{"start":{},"end":{}}],"line":32},"8":{"loc":{"start":{"line":38,"column":4},"end":{"line":42,"column":null}},"type":"if","locations":[{"start":{"line":38,"column":4},"end":{"line":42,"column":null}},{"start":{"line":40,"column":11},"end":{"line":42,"column":null}}],"line":38}},"s":{"0":1,"1":1,"2":1,"3":12,"4":12,"5":12,"6":10,"7":10,"8":10,"9":10,"10":6,"11":6,"12":2,"13":2,"14":4,"15":6,"16":6,"17":10,"18":8,"19":6,"20":6,"21":10,"22":8,"23":2,"24":10,"25":10,"26":12},"f":{"0":12,"1":10,"2":6,"3":8,"4":10},"b":{"0":[12],"1":[12],"2":[12],"3":[12],"4":[2,4],"5":[1,3],"6":[2,2],"7":[6,2],"8":[8,2]},"meta":{"lastBranch":9,"lastFunction":5,"lastStatement":27,"seen":{"s:4:35:4:Infinity":0,"s:5:37:5:Infinity":1,"s:7:27:48:Infinity":2,"f:7:27:7:Infinity":0,"b:8:39:8:Infinity":0,"s:10:79:10:Infinity":3,"b:10:29:10:42":1,"b:10:60:10:63":2,"b:10:69:10:75":3,"s:11:32:11:Infinity":4,"s:13:2:45:Infinity":5,"f:13:12:13:18":1,"s:14:22:14:Infinity":6,"s:15:22:15:Infinity":7,"s:16:18:16:Infinity":8,"s:18:28:29:Infinity":9,"f:18:28:18:34":2,"s:19:22:19:Infinity":10,"b:21:6:24:Infinity:undefined:undefined:undefined:undefined":4,"s:21:6:24:Infinity":11,"s:22:8:22:Infinity":12,"s:23:8:23:Infinity":13,"s:26:6:26:Infinity":14,"b:26:43:26:57:26:57:26:66":5,"s:27:6:27:Infinity":15,"b:27:34:27:44:27:44:27:Infinity":6,"s:28:6:28:Infinity":16,"s:31:21:36:Infinity":17,"f:31:21:31:27":3,"b:32:6:35:Infinity:undefined:undefined:undefined:undefined":7,"s:32:6:35:Infinity":18,"s:33:8:33:Infinity":19,"s:34:8:34:Infinity":20,"b:38:4:42:Infinity:40:11:42:Infinity":8,"s:38:4:42:Infinity":21,"s:39:6:39:Infinity":22,"s:41:6:41:Infinity":23,"s:44:4:44:Infinity":24,"f:44:11:44:17":4,"s:44:17:44:Infinity":25,"s:47:2:47:Infinity":26}}}
,"/home/jpratt9/dev/john-pratt.com/src/frontend/hooks/useScrollReveal.tsx": {"path":"/home/jpratt9/dev/john-pratt.com/src/frontend/hooks/useScrollReveal.tsx","statementMap":{"0":{"start":{"line":7,"column":21},"end":{"line":7,"column":null}},"1":{"start":{"line":9,"column":31},"end":{"line":30,"column":null}},"2":{"start":{"line":13,"column":8},"end":{"line":13,"column":null}},"3":{"start":{"line":15,"column":2},"end":{"line":29,"column":null}},"4":{"start":{"line":16,"column":4},"end":{"line":16,"column":null}},"5":{"start":{"line":16,"column":46},"end":{"line":16,"column":null}},"6":{"start":{"line":18,"column":18},"end":{"line":18,"column":null}},"7":{"start":{"line":20,"column":4},"end":{"line":24,"column":null}},"8":{"start":{"line":21,"column":17},"end":{"line":21,"column":null}},"9":{"start":{"line":22,"column":6},"end":{"line":22,"column":null}},"10":{"start":{"line":22,"column":43},"end":{"line":22,"column":null}},"11":{"start":{"line":23,"column":6},"end":{"line":23,"column":null}},"12":{"start":{"line":26,"column":4},"end":{"line":28,"column":null}},"13":{"start":{"line":27,"column":6},"end":{"line":27,"column":null}},"14":{"start":{"line":32,"column":39},"end":{"line":59,"column":null}},"15":{"start":{"line":36,"column":8},"end":{"line":36,"column":null}},"16":{"start":{"line":38,"column":2},"end":{"line":58,"column":null}},"17":{"start":{"line":39,"column":4},"end":{"line":39,"column":null}},"18":{"start":{"line":39,"column":47},"end":{"line":39,"column":null}},"19":{"start":{"line":41,"column":18},"end":{"line":41,"column":null}},"20":{"start":{"line":43,"column":4},"end":{"line":53,"column":null}},"21":{"start":{"line":44,"column":17},"end":{"line":44,"column":null}},"22":{"start":{"line":45,"column":6},"end":{"line":45,"column":null}},"23":{"start":{"line":45,"column":44},"end":{"line":45,"column":null}},"24":{"start":{"line":47,"column":6},"end":{"line":52,"column":null}},"25":{"start":{"line":48,"column":8},"end":{"line":51,"column":null}},"26":{"start":{"line":49,"column":22},"end":{"line":49,"column":null}},"27":{"start":{"line":50,"column":10},"end":{"line":50,"column":null}},"28":{"start":{"line":55,"column":4},"end":{"line":57,"column":null}},"29":{"start":{"line":56,"column":6},"end":{"line":56,"column":null}}},"fnMap":{"0":{"name":"(anonymous_0)","decl":{"start":{"line":9,"column":31},"end":{"line":9,"column":null}},"loc":{"start":{"line":12,"column":5},"end":{"line":30,"column":null}},"line":12},"1":{"name":"(anonymous_1)","decl":{"start":{"line":15,"column":12},"end":{"line":15,"column":18}},"loc":{"start":{"line":15,"column":18},"end":{"line":29,"column":5}},"line":15},"2":{"name":"(anonymous_2)","decl":{"start":{"line":20,"column":5},"end":{"line":20,"column":17}},"loc":{"start":{"line":20,"column":17},"end":{"line":24,"column":7}},"line":20},"3":{"name":"(anonymous_3)","decl":{"start":{"line":26,"column":11},"end":{"line":26,"column":17}},"loc":{"start":{"line":26,"column":17},"end":{"line":28,"column":null}},"line":26},"4":{"name":"(anonymous_4)","decl":{"start":{"line":32,"column":39},"end":{"line":32,"column":null}},"loc":{"start":{"line":35,"column":5},"end":{"line":59,"column":null}},"line":35},"5":{"name":"(anonymous_5)","decl":{"start":{"line":38,"column":12},"end":{"line":38,"column":18}},"loc":{"start":{"line":38,"column":18},"end":{"line":58,"column":5}},"line":38},"6":{"name":"(anonymous_6)","decl":{"start":{"line":43,"column":5},"end":{"line":43,"column":17}},"loc":{"start":{"line":43,"column":17},"end":{"line":53,"column":7}},"line":43},"7":{"name":"(anonymous_7)","decl":{"start":{"line":47,"column":27},"end":{"line":47,"column":28}},"loc":{"start":{"line":47,"column":39},"end":{"line":52,"column":7}},"line":47},"8":{"name":"(anonymous_8)","decl":{"start":{"line":55,"column":11},"end":{"line":55,"column":17}},"loc":{"start":{"line":55,"column":17},"end":{"line":57,"column":null}},"line":55}},"branchMap":{"0":{"loc":{"start":{"line":16,"column":4},"end":{"line":16,"column":null}},"type":"if","locations":[{"start":{"line":16,"column":4},"end":{"line":16,"column":null}},{"start":{},"end":{}}],"line":16},"1":{"loc":{"start":{"line":16,"column":8},"end":{"line":16,"column":46}},"type":"binary-expr","locations":[{"start":{"line":16,"column":8},"end":{"line":16,"column":32}},{"start":{"line":16,"column":32},"end":{"line":16,"column":46}}],"line":16},"2":{"loc":{"start":{"line":22,"column":6},"end":{"line":22,"column":null}},"type":"if","locations":[{"start":{"line":22,"column":6},"end":{"line":22,"column":null}},{"start":{},"end":{}}],"line":22},"3":{"loc":{"start":{"line":22,"column":10},"end":{"line":22,"column":43}},"type":"binary-expr","locations":[{"start":{"line":22,"column":10},"end":{"line":22,"column":22}},{"start":{"line":22,"column":22},"end":{"line":22,"column":29}},{"start":{"line":22,"column":29},"end":{"line":22,"column":43}}],"line":22},"4":{"loc":{"start":{"line":23,"column":29},"end":{"line":23,"column":55}},"type":"binary-expr","locations":[{"start":{"line":23,"column":29},"end":{"line":23,"column":45}},{"start":{"line":23,"column":45},"end":{"line":23,"column":55}}],"line":23},"5":{"loc":{"start":{"line":39,"column":4},"end":{"line":39,"column":null}},"type":"if","locations":[{"start":{"line":39,"column":4},"end":{"line":39,"column":null}},{"start":{},"end":{}}],"line":39},"6":{"loc":{"start":{"line":39,"column":8},"end":{"line":39,"column":47}},"type":"binary-expr","locations":[{"start":{"line":39,"column":8},"end":{"line":39,"column":32}},{"start":{"line":39,"column":32},"end":{"line":39,"column":47}}],"line":39},"7":{"loc":{"start":{"line":45,"column":6},"end":{"line":45,"column":null}},"type":"if","locations":[{"start":{"line":45,"column":6},"end":{"line":45,"column":null}},{"start":{},"end":{}}],"line":45},"8":{"loc":{"start":{"line":45,"column":10},"end":{"line":45,"column":44}},"type":"binary-expr","locations":[{"start":{"line":45,"column":10},"end":{"line":45,"column":22}},{"start":{"line":45,"column":22},"end":{"line":45,"column":29}},{"start":{"line":45,"column":29},"end":{"line":45,"column":44}}],"line":45},"9":{"loc":{"start":{"line":48,"column":8},"end":{"line":51,"column":null}},"type":"if","locations":[{"start":{"line":48,"column":8},"end":{"line":51,"column":null}},{"start":{},"end":{}}],"line":48},"10":{"loc":{"start":{"line":49,"column":22},"end":{"line":49,"column":null}},"type":"cond-expr","locations":[{"start":{"line":49,"column":33},"end":{"line":49,"column":47}},{"start":{"line":49,"column":47},"end":{"line":49,"column":null}}],"line":49}},"s":{"0":1,"1":1,"2":7,"3":7,"4":7,"5":2,"6":5,"7":5,"8":5,"9":5,"10":2,"11":3,"12":5,"13":5,"14":1,"15":6,"16":6,"17":6,"18":2,"19":4,"20":4,"21":4,"22":4,"23":0,"24":4,"25":10,"26":8,"27":8,"28":4,"29":4},"f":{"0":7,"1":7,"2":5,"3":5,"4":6,"5":6,"6":4,"7":10,"8":4},"b":{"0":[2,5],"1":[7,6],"2":[2,3],"3":[5,4,3],"4":[3,2],"5":[2,4],"6":[6,5],"7":[0,4],"8":[4,4,4],"9":[8,2],"10":[2,6]},"meta":{"lastBranch":11,"lastFunction":9,"lastStatement":30,"seen":{"s:7:21:7:Infinity":0,"s:9:31:30:Infinity":1,"f:9:31:9:Infinity":0,"s:13:8:13:Infinity":2,"s:15:2:29:Infinity":3,"f:15:12:15:18":1,"b:16:4:16:Infinity:undefined:undefined:undefined:undefined":0,"s:16:4:16:Infinity":4,"b:16:8:16:32:16:32:16:46":1,"s:16:46:16:Infinity":5,"s:18:18:18:Infinity":6,"s:20:4:24:Infinity":7,"f:20:5:20:17":2,"s:21:17:21:Infinity":8,"b:22:6:22:Infinity:undefined:undefined:undefined:undefined":2,"s:22:6:22:Infinity":9,"b:22:10:22:22:22:22:22:29:22:29:22:43":3,"s:22:43:22:Infinity":10,"s:23:6:23:Infinity":11,"b:23:29:23:45:23:45:23:55":4,"s:26:4:28:Infinity":12,"f:26:11:26:17":3,"s:27:6:27:Infinity":13,"s:32:39:59:Infinity":14,"f:32:39:32:Infinity":4,"s:36:8:36:Infinity":15,"s:38:2:58:Infinity":16,"f:38:12:38:18":5,"b:39:4:39:Infinity:undefined:undefined:undefined:undefined":5,"s:39:4:39:Infinity":17,"b:39:8:39:32:39:32:39:47":6,"s:39:47:39:Infinity":18,"s:41:18:41:Infinity":19,"s:43:4:53:Infinity":20,"f:43:5:43:17":6,"s:44:17:44:Infinity":21,"b:45:6:45:Infinity:undefined:undefined:undefined:undefined":7,"s:45:6:45:Infinity":22,"b:45:10:45:22:45:22:45:29:45:29:45:44":8,"s:45:44:45:Infinity":23,"s:47:6:52:Infinity":24,"f:47:27:47:28":7,"b:48:8:51:Infinity:undefined:undefined:undefined:undefined":9,"s:48:8:51:Infinity":25,"s:49:22:49:Infinity":26,"b:49:33:49:47:49:47:49:Infinity":10,"s:50:10:50:Infinity":27,"s:55:4:57:Infinity":28,"f:55:11:55:17":8,"s:56:6:56:Infinity":29}}}
,"/home/jpratt9/dev/john-pratt.com/src/frontend/utils/index.ts": {"path":"/home/jpratt9/dev/john-pratt.com/src/frontend/utils/index.ts","statementMap":{"0":{"start":{"line":1,"column":24},"end":{"line":8,"column":null}},"1":{"start":{"line":2,"column":18},"end":{"line":2,"column":null}},"2":{"start":{"line":3,"column":2},"end":{"line":5,"column":null}},"3":{"start":{"line":4,"column":4},"end":{"line":4,"column":null}},"4":{"start":{"line":6,"column":20},"end":{"line":6,"column":null}},"5":{"start":{"line":6,"column":37},"end":{"line":6,"column":52}},"6":{"start":{"line":7,"column":2},"end":{"line":7,"column":null}},"7":{"start":{"line":10,"column":24},"end":{"line":10,"column":null}},"8":{"start":{"line":11,"column":27},"end":{"line":11,"column":null}},"9":{"start":{"line":13,"column":25},"end":{"line":28,"column":null}}},"fnMap":{"0":{"name":"(anonymous_0)","decl":{"start":{"line":1,"column":24},"end":{"line":1,"column":25}},"loc":{"start":{"line":1,"column":68},"end":{"line":8,"column":null}},"line":1},"1":{"name":"(anonymous_1)","decl":{"start":{"line":6,"column":32},"end":{"line":6,"column":37}},"loc":{"start":{"line":6,"column":37},"end":{"line":6,"column":52}},"line":6}},"branchMap":{"0":{"loc":{"start":{"line":1,"column":38},"end":{"line":1,"column":68}},"type":"default-arg","locations":[{"start":{"line":1,"column":54},"end":{"line":1,"column":68}}],"line":1},"1":{"loc":{"start":{"line":3,"column":2},"end":{"line":5,"column":null}},"type":"if","locations":[{"start":{"line":3,"column":2},"end":{"line":5,"column":null}},{"start":{},"end":{}}],"line":3}},"s":{"0":1,"1":15,"2":15,"3":1,"4":14,"5":41,"6":14,"7":1,"8":1,"9":1},"f":{"0":15,"1":41},"b":{"0":[15],"1":[1,14]},"meta":{"lastBranch":2,"lastFunction":2,"lastStatement":10,"seen":{"s:1:24:8:Infinity":0,"f:1:24:1:25":0,"b:1:54:1:68":0,"s:2:18:2:Infinity":1,"b:3:2:5:Infinity:undefined:undefined:undefined:undefined":1,"s:3:2:5:Infinity":2,"s:4:4:4:Infinity":3,"s:6:20:6:Infinity":4,"f:6:32:6:37":1,"s:6:37:6:52":5,"s:7:2:7:Infinity":6,"s:10:24:10:Infinity":7,"s:11:27:11:Infinity":8,"s:13:25:28:Infinity":9}}}
,"/home/jpratt9/dev/john-pratt.com/src/frontend/utils/sr.ts": {"path":"/home/jpratt9/dev/john-pratt.com/src/frontend/utils/sr.ts","statementMap":{"0":{"start":{"line":2,"column":20},"end":{"line":2,"column":null}},"1":{"start":{"line":5,"column":2},"end":{"line":5,"column":null}},"2":{"start":{"line":5,"column":37},"end":{"line":5,"column":null}},"3":{"start":{"line":6,"column":2},"end":{"line":6,"column":null}},"4":{"start":{"line":6,"column":16},"end":{"line":6,"column":null}},"5":{"start":{"line":8,"column":36},"end":{"line":8,"column":null}},"6":{"start":{"line":9,"column":2},"end":{"line":9,"column":null}},"7":{"start":{"line":10,"column":2},"end":{"line":10,"column":null}}},"fnMap":{"0":{"name":"getSr","decl":{"start":{"line":4,"column":22},"end":{"line":4,"column":44}},"loc":{"start":{"line":4,"column":44},"end":{"line":11,"column":null}},"line":4}},"branchMap":{"0":{"loc":{"start":{"line":5,"column":2},"end":{"line":5,"column":null}},"type":"if","locations":[{"start":{"line":5,"column":2},"end":{"line":5,"column":null}},{"start":{},"end":{}}],"line":5},"1":{"loc":{"start":{"line":6,"column":2},"end":{"line":6,"column":null}},"type":"if","locations":[{"start":{"line":6,"column":2},"end":{"line":6,"column":null}},{"start":{},"end":{}}],"line":6}},"s":{"0":2,"1":7,"2":1,"3":6,"4":5,"5":1,"6":1,"7":1},"f":{"0":7},"b":{"0":[1,6],"1":[5,1]},"meta":{"lastBranch":2,"lastFunction":1,"lastStatement":8,"seen":{"s:2:20:2:Infinity":0,"f:4:22:4:44":0,"b:5:2:5:Infinity:undefined:undefined:undefined:undefined":0,"s:5:2:5:Infinity":1,"s:5:37:5:Infinity":2,"b:6:2:6:Infinity:undefined:undefined:undefined:undefined":1,"s:6:2:6:Infinity":3,"s:6:16:6:Infinity":4,"s:8:36:8:Infinity":5,"s:9:2:9:Infinity":6,"s:10:2:10:Infinity":7}}}
}
