TN:
SF:src/frontend/hooks/useDelayedMount.tsx
FN:4,(anonymous_0)
FN:8,(anonymous_1)
FN:13,(anonymous_2)
FN:14,(anonymous_3)
FNF:4
FNH:4
FNDA:12,(anonymous_0)
FNDA:9,(anonymous_1)
FNDA:3,(anonymous_2)
FNDA:5,(anonymous_3)
DA:4,1
DA:5,12
DA:6,12
DA:8,12
DA:9,9
DA:10,4
DA:13,5
DA:14,5
DA:17,12
LF:9
LH:9
BRDA:4,0,0,12
BRDA:9,1,0,4
BRDA:9,1,1,5
BRDA:9,2,0,9
BRDA:9,2,1,7
BRDA:17,3,0,4
BRDA:17,3,1,8
BRDA:17,4,0,12
BRDA:17,4,1,10
BRF:9
BRH:9
end_of_record
TN:
SF:src/frontend/hooks/useOnClickOutside.tsx
FN:3,(anonymous_0)
FN:7,(anonymous_1)
FN:8,(anonymous_2)
FN:18,(anonymous_3)
FNF:4
FNH:4
FNDA:7,(anonymous_0)
FNDA:7,(anonymous_1)
FNDA:3,(anonymous_2)
FNDA:7,(anonymous_3)
DA:3,1
DA:7,7
DA:8,7
DA:9,3
DA:10,1
DA:12,2
DA:15,7
DA:16,7
DA:18,7
DA:19,7
DA:20,7
LF:11
LH:11
BRDA:9,0,0,1
BRDA:9,0,1,2
BRDA:9,1,0,3
BRDA:9,1,1,2
BRF:4
BRH:4
end_of_record
TN:
SF:src/frontend/hooks/usePrefersReducedMotion.tsx
FN:10,(anonymous_0)
FN:17,usePrefersReducedMotion
FN:20,(anonymous_2)
FN:22,(anonymous_3)
FN:33,(anonymous_4)
FNF:5
FNH:5
FNDA:5,(anonymous_0)
FNDA:6,usePrefersReducedMotion
FNDA:5,(anonymous_2)
FNDA:1,(anonymous_3)
FNDA:5,(anonymous_4)
DA:7,1
DA:8,1
DA:10,1
DA:15,5
DA:18,6
DA:20,6
DA:21,5
DA:22,5
DA:23,1
DA:27,5
DA:28,4
DA:30,1
DA:33,5
DA:34,5
DA:35,4
DA:37,1
DA:42,6
LF:17
LH:17
BRDA:15,0,0,0
BRDA:15,0,1,5
BRDA:27,1,0,4
BRDA:27,1,1,1
BRDA:34,2,0,4
BRDA:34,2,1,1
BRF:6
BRH:5
end_of_record
TN:
SF:src/frontend/hooks/useScrollDirection.tsx
FN:7,(anonymous_0)
FN:13,(anonymous_1)
FN:18,(anonymous_2)
FN:31,(anonymous_3)
FN:44,(anonymous_4)
FNF:5
FNH:5
FNDA:12,(anonymous_0)
FNDA:10,(anonymous_1)
FNDA:6,(anonymous_2)
FNDA:8,(anonymous_3)
FNDA:10,(anonymous_4)
DA:4,1
DA:5,1
DA:7,1
DA:10,12
DA:11,12
DA:13,12
DA:14,10
DA:15,10
DA:16,10
DA:18,10
DA:19,6
DA:21,6
DA:22,2
DA:23,2
DA:26,4
DA:27,6
DA:28,6
DA:31,10
DA:32,8
DA:33,6
DA:34,6
DA:38,10
DA:39,8
DA:41,2
DA:44,10
DA:47,12
LF:26
LH:26
BRDA:8,0,0,12
BRDA:10,1,0,12
BRDA:10,2,0,12
BRDA:10,3,0,12
BRDA:21,4,0,2
BRDA:21,4,1,4
BRDA:26,5,0,1
BRDA:26,5,1,3
BRDA:27,6,0,2
BRDA:27,6,1,2
BRDA:32,7,0,6
BRDA:32,7,1,2
BRDA:38,8,0,8
BRDA:38,8,1,2
BRF:14
BRH:14
end_of_record
TN:
SF:src/frontend/hooks/useScrollReveal.tsx
FN:9,(anonymous_0)
FN:15,(anonymous_1)
FN:20,(anonymous_2)
FN:26,(anonymous_3)
FN:32,(anonymous_4)
FN:38,(anonymous_5)
FN:43,(anonymous_6)
FN:47,(anonymous_7)
FN:55,(anonymous_8)
FNF:9
FNH:9
FNDA:7,(anonymous_0)
FNDA:7,(anonymous_1)
FNDA:5,(anonymous_2)
FNDA:5,(anonymous_3)
FNDA:6,(anonymous_4)
FNDA:6,(anonymous_5)
FNDA:4,(anonymous_6)
FNDA:10,(anonymous_7)
FNDA:4,(anonymous_8)
DA:7,1
DA:9,1
DA:13,7
DA:15,7
DA:16,7
DA:18,5
DA:20,5
DA:21,5
DA:22,5
DA:23,3
DA:26,5
DA:27,5
DA:32,1
DA:36,6
DA:38,6
DA:39,6
DA:41,4
DA:43,4
DA:44,4
DA:45,4
DA:47,4
DA:48,10
DA:49,8
DA:50,8
DA:55,4
DA:56,4
LF:26
LH:26
BRDA:16,0,0,2
BRDA:16,0,1,5
BRDA:16,1,0,7
BRDA:16,1,1,6
BRDA:22,2,0,2
BRDA:22,2,1,3
BRDA:22,3,0,5
BRDA:22,3,1,4
BRDA:22,3,2,3
BRDA:23,4,0,3
BRDA:23,4,1,2
BRDA:39,5,0,2
BRDA:39,5,1,4
BRDA:39,6,0,6
BRDA:39,6,1,5
BRDA:45,7,0,0
BRDA:45,7,1,4
BRDA:45,8,0,4
BRDA:45,8,1,4
BRDA:45,8,2,4
BRDA:48,9,0,8
BRDA:48,9,1,2
BRDA:49,10,0,2
BRDA:49,10,1,6
BRF:24
BRH:23
end_of_record
TN:
SF:src/frontend/utils/index.ts
FN:1,(anonymous_0)
FN:6,(anonymous_1)
FNF:2
FNH:2
FNDA:15,(anonymous_0)
FNDA:41,(anonymous_1)
DA:1,1
DA:2,15
DA:3,15
DA:4,1
DA:6,41
DA:7,14
DA:10,1
DA:11,1
DA:13,1
LF:9
LH:9
BRDA:1,0,0,15
BRDA:3,1,0,1
BRDA:3,1,1,14
BRF:3
BRH:3
end_of_record
TN:
SF:src/frontend/utils/sr.ts
FN:4,getSr
FNF:1
FNH:1
FNDA:7,getSr
DA:2,2
DA:5,7
DA:6,6
DA:8,1
DA:9,1
DA:10,1
LF:6
LH:6
BRDA:5,0,0,1
BRDA:5,0,1,6
BRDA:6,1,0,5
BRDA:6,1,1,1
BRF:4
BRH:4
end_of_record
